RUN	iamrich.TransactionSimulation	transactionsimulation	1612112103594	123	3.5.0
USER	Post transaction	START	1612112104299
REQUEST		transaction	1612112104317	1612112104331	KO	status.find.in(200,201,202,203,204,205,206,207,208,209,304), found 415
USER	Post transaction	END	1612112104340
USER	Post transaction	START	1612112104544
REQUEST		transaction	1612112104544	1612112104555	KO	status.find.in(200,201,202,203,204,205,206,207,208,209,304), found 415
USER	Post transaction	END	1612112104555
USER	Post transaction	START	1612112104795
REQUEST		transaction	1612112104795	1612112104805	KO	status.find.in(200,201,202,203,204,205,206,207,208,209,304), found 415
USER	Post transaction	END	1612112104806
USER	Post transaction	START	1612112105045
REQUEST		transaction	1612112105045	1612112105055	KO	status.find.in(200,201,202,203,204,205,206,207,208,209,304), found 415
USER	Post transaction	END	1612112105055
USER	Post transaction	START	1612112105296
REQUEST		transaction	1612112105296	1612112105305	KO	status.find.in(200,201,202,203,204,205,206,207,208,209,304), found 415
USER	Post transaction	END	1612112105306
USER	Post transaction	START	1612112105630
REQUEST		transaction	1612112105630	1612112105640	KO	status.find.in(200,201,202,203,204,205,206,207,208,209,304), found 415
USER	Post transaction	END	1612112105641
USER	Post transaction	START	1612112105967
REQUEST		transaction	1612112105968	1612112105977	KO	status.find.in(200,201,202,203,204,205,206,207,208,209,304), found 415
USER	Post transaction	END	1612112105978
USER	Post transaction	START	1612112106302
REQUEST		transaction	1612112106302	1612112106311	KO	status.find.in(200,201,202,203,204,205,206,207,208,209,304), found 415
USER	Post transaction	END	1612112106312
USER	Post transaction	START	1612112106624
REQUEST		transaction	1612112106625	1612112106630	KO	status.find.in(200,201,202,203,204,205,206,207,208,209,304), found 415
USER	Post transaction	END	1612112106631
USER	Post transaction	START	1612112106958
REQUEST		transaction	1612112106958	1612112106962	KO	status.find.in(200,201,202,203,204,205,206,207,208,209,304), found 415
USER	Post transaction	END	1612112106962
USER	Post transaction	START	1612112107292
REQUEST		transaction	1612112107292	1612112107296	KO	status.find.in(200,201,202,203,204,205,206,207,208,209,304), found 415
USER	Post transaction	END	1612112107297
USER	Post transaction	START	1612112107541
REQUEST		transaction	1612112107541	1612112107545	KO	status.find.in(200,201,202,203,204,205,206,207,208,209,304), found 415
USER	Post transaction	END	1612112107545
USER	Post transaction	START	1612112107791
REQUEST		transaction	1612112107791	1612112107795	KO	status.find.in(200,201,202,203,204,205,206,207,208,209,304), found 415
USER	Post transaction	END	1612112107795
USER	Post transaction	START	1612112108041
REQUEST		transaction	1612112108041	1612112108045	KO	status.find.in(200,201,202,203,204,205,206,207,208,209,304), found 415
USER	Post transaction	END	1612112108045
USER	Post transaction	START	1612112108292
REQUEST		transaction	1612112108293	1612112108297	KO	status.find.in(200,201,202,203,204,205,206,207,208,209,304), found 415
USER	Post transaction	END	1612112108298
USER	Post transaction	START	1612112108624
REQUEST		transaction	1612112108624	1612112108628	KO	status.find.in(200,201,202,203,204,205,206,207,208,209,304), found 415
USER	Post transaction	END	1612112108628
USER	Post transaction	START	1612112108957
REQUEST		transaction	1612112108957	1612112108961	KO	status.find.in(200,201,202,203,204,205,206,207,208,209,304), found 415
USER	Post transaction	END	1612112108961
USER	Post transaction	START	1612112109291
REQUEST		transaction	1612112109291	1612112109295	KO	status.find.in(200,201,202,203,204,205,206,207,208,209,304), found 415
USER	Post transaction	END	1612112109295
USER	Post transaction	START	1612112109624
REQUEST		transaction	1612112109624	1612112109628	KO	status.find.in(200,201,202,203,204,205,206,207,208,209,304), found 415
USER	Post transaction	END	1612112109628
USER	Post transaction	START	1612112109957
REQUEST		transaction	1612112109957	1612112109961	KO	status.find.in(200,201,202,203,204,205,206,207,208,209,304), found 415
USER	Post transaction	END	1612112109961
USER	Post transaction	START	1612112110291
REQUEST		transaction	1612112110291	1612112110295	KO	status.find.in(200,201,202,203,204,205,206,207,208,209,304), found 415
USER	Post transaction	END	1612112110295
USER	Post transaction	START	1612112110541
REQUEST		transaction	1612112110542	1612112110545	KO	status.find.in(200,201,202,203,204,205,206,207,208,209,304), found 415
USER	Post transaction	END	1612112110546
USER	Post transaction	START	1612112110791
REQUEST		transaction	1612112110792	1612112110795	KO	status.find.in(200,201,202,203,204,205,206,207,208,209,304), found 415
USER	Post transaction	END	1612112110796
USER	Post transaction	START	1612112111041
REQUEST		transaction	1612112111042	1612112111045	KO	status.find.in(200,201,202,203,204,205,206,207,208,209,304), found 415
USER	Post transaction	END	1612112111046
USER	Post transaction	START	1612112111292
REQUEST		transaction	1612112111292	1612112111295	KO	status.find.in(200,201,202,203,204,205,206,207,208,209,304), found 415
USER	Post transaction	END	1612112111296
USER	Post transaction	START	1612112111624
REQUEST		transaction	1612112111625	1612112111628	KO	status.find.in(200,201,202,203,204,205,206,207,208,209,304), found 415
USER	Post transaction	END	1612112111629
USER	Post transaction	START	1612112111957
REQUEST		transaction	1612112111958	1612112111961	KO	status.find.in(200,201,202,203,204,205,206,207,208,209,304), found 415
USER	Post transaction	END	1612112111961
USER	Post transaction	START	1612112112291
REQUEST		transaction	1612112112292	1612112112295	KO	status.find.in(200,201,202,203,204,205,206,207,208,209,304), found 415
USER	Post transaction	END	1612112112295
USER	Post transaction	START	1612112112624
REQUEST		transaction	1612112112625	1612112112628	KO	status.find.in(200,201,202,203,204,205,206,207,208,209,304), found 415
USER	Post transaction	END	1612112112629
USER	Post transaction	START	1612112112957
REQUEST		transaction	1612112112958	1612112112961	KO	status.find.in(200,201,202,203,204,205,206,207,208,209,304), found 415
USER	Post transaction	END	1612112112962
USER	Post transaction	START	1612112113291
REQUEST		transaction	1612112113292	1612112113296	KO	status.find.in(200,201,202,203,204,205,206,207,208,209,304), found 415
USER	Post transaction	END	1612112113296
USER	Post transaction	START	1612112113542
REQUEST		transaction	1612112113542	1612112113546	KO	status.find.in(200,201,202,203,204,205,206,207,208,209,304), found 415
USER	Post transaction	END	1612112113546
USER	Post transaction	START	1612112113792
REQUEST		transaction	1612112113792	1612112113795	KO	status.find.in(200,201,202,203,204,205,206,207,208,209,304), found 415
USER	Post transaction	END	1612112113796
USER	Post transaction	START	1612112114042
REQUEST		transaction	1612112114042	1612112114045	KO	status.find.in(200,201,202,203,204,205,206,207,208,209,304), found 415
USER	Post transaction	END	1612112114046
USER	Post transaction	START	1612112114292
REQUEST		transaction	1612112114292	1612112114296	KO	status.find.in(200,201,202,203,204,205,206,207,208,209,304), found 415
USER	Post transaction	END	1612112114296
USER	Post transaction	START	1612112114625
REQUEST		transaction	1612112114625	1612112114628	KO	status.find.in(200,201,202,203,204,205,206,207,208,209,304), found 415
USER	Post transaction	END	1612112114629
USER	Post transaction	START	1612112114958
REQUEST		transaction	1612112114958	1612112114961	KO	status.find.in(200,201,202,203,204,205,206,207,208,209,304), found 415
USER	Post transaction	END	1612112114962
USER	Post transaction	START	1612112115292
REQUEST		transaction	1612112115292	1612112115295	KO	status.find.in(200,201,202,203,204,205,206,207,208,209,304), found 415
USER	Post transaction	END	1612112115296
USER	Post transaction	START	1612112115624
REQUEST		transaction	1612112115624	1612112115628	KO	status.find.in(200,201,202,203,204,205,206,207,208,209,304), found 415
USER	Post transaction	END	1612112115628
USER	Post transaction	START	1612112115957
REQUEST		transaction	1612112115957	1612112115960	KO	status.find.in(200,201,202,203,204,205,206,207,208,209,304), found 415
USER	Post transaction	END	1612112115961
USER	Post transaction	START	1612112116291
REQUEST		transaction	1612112116291	1612112116295	KO	status.find.in(200,201,202,203,204,205,206,207,208,209,304), found 415
USER	Post transaction	END	1612112116295
USER	Post transaction	START	1612112116541
REQUEST		transaction	1612112116541	1612112116545	KO	status.find.in(200,201,202,203,204,205,206,207,208,209,304), found 415
USER	Post transaction	END	1612112116546
USER	Post transaction	START	1612112116791
REQUEST		transaction	1612112116791	1612112116796	KO	status.find.in(200,201,202,203,204,205,206,207,208,209,304), found 415
USER	Post transaction	END	1612112116797
USER	Post transaction	START	1612112117041
REQUEST		transaction	1612112117041	1612112117046	KO	status.find.in(200,201,202,203,204,205,206,207,208,209,304), found 415
USER	Post transaction	END	1612112117047
USER	Post transaction	START	1612112117291
REQUEST		transaction	1612112117291	1612112117295	KO	status.find.in(200,201,202,203,204,205,206,207,208,209,304), found 415
USER	Post transaction	END	1612112117295
USER	Post transaction	START	1612112117625
REQUEST		transaction	1612112117625	1612112117629	KO	status.find.in(200,201,202,203,204,205,206,207,208,209,304), found 415
USER	Post transaction	END	1612112117630
USER	Post transaction	START	1612112117958
REQUEST		transaction	1612112117958	1612112117962	KO	status.find.in(200,201,202,203,204,205,206,207,208,209,304), found 415
USER	Post transaction	END	1612112117962
USER	Post transaction	START	1612112118292
REQUEST		transaction	1612112118292	1612112118296	KO	status.find.in(200,201,202,203,204,205,206,207,208,209,304), found 415
USER	Post transaction	END	1612112118296
USER	Post transaction	START	1612112118625
REQUEST		transaction	1612112118625	1612112118629	KO	status.find.in(200,201,202,203,204,205,206,207,208,209,304), found 415
USER	Post transaction	END	1612112118629
USER	Post transaction	START	1612112118958
REQUEST		transaction	1612112118958	1612112118962	KO	status.find.in(200,201,202,203,204,205,206,207,208,209,304), found 415
USER	Post transaction	END	1612112118962
USER	Post transaction	START	1612112119292
REQUEST		transaction	1612112119293	1612112119308	KO	status.find.in(200,201,202,203,204,205,206,207,208,209,304), found 415
USER	Post transaction	END	1612112119317
USER	Post transaction	START	1612112119542
REQUEST		transaction	1612112119542	1612112119546	KO	status.find.in(200,201,202,203,204,205,206,207,208,209,304), found 415
USER	Post transaction	END	1612112119548
USER	Post transaction	START	1612112119792
REQUEST		transaction	1612112119792	1612112119796	KO	status.find.in(200,201,202,203,204,205,206,207,208,209,304), found 415
USER	Post transaction	END	1612112119797
USER	Post transaction	START	1612112120045
REQUEST		transaction	1612112120045	1612112120048	KO	status.find.in(200,201,202,203,204,205,206,207,208,209,304), found 415
USER	Post transaction	END	1612112120049
USER	Post transaction	START	1612112120292
REQUEST		transaction	1612112120292	1612112120299	KO	status.find.in(200,201,202,203,204,205,206,207,208,209,304), found 415
USER	Post transaction	END	1612112120302
USER	Post transaction	START	1612112120624
REQUEST		transaction	1612112120624	1612112120628	KO	status.find.in(200,201,202,203,204,205,206,207,208,209,304), found 415
USER	Post transaction	END	1612112120628
USER	Post transaction	START	1612112120957
REQUEST		transaction	1612112120957	1612112120961	KO	status.find.in(200,201,202,203,204,205,206,207,208,209,304), found 415
USER	Post transaction	END	1612112120961
USER	Post transaction	START	1612112121291
REQUEST		transaction	1612112121291	1612112121295	KO	status.find.in(200,201,202,203,204,205,206,207,208,209,304), found 415
USER	Post transaction	END	1612112121295
USER	Post transaction	START	1612112121625
REQUEST		transaction	1612112121626	1612112121638	KO	status.find.in(200,201,202,203,204,205,206,207,208,209,304), found 415
USER	Post transaction	END	1612112121639
USER	Post transaction	START	1612112121958
REQUEST		transaction	1612112121959	1612112121970	KO	status.find.in(200,201,202,203,204,205,206,207,208,209,304), found 415
USER	Post transaction	END	1612112121972
USER	Post transaction	START	1612112122292
REQUEST		transaction	1612112122292	1612112122296	KO	status.find.in(200,201,202,203,204,205,206,207,208,209,304), found 415
USER	Post transaction	END	1612112122296
USER	Post transaction	START	1612112122542
REQUEST		transaction	1612112122542	1612112122546	KO	status.find.in(200,201,202,203,204,205,206,207,208,209,304), found 415
USER	Post transaction	END	1612112122546
USER	Post transaction	START	1612112122792
REQUEST		transaction	1612112122792	1612112122796	KO	status.find.in(200,201,202,203,204,205,206,207,208,209,304), found 415
USER	Post transaction	END	1612112122796
USER	Post transaction	START	1612112123042
REQUEST		transaction	1612112123043	1612112123050	KO	status.find.in(200,201,202,203,204,205,206,207,208,209,304), found 415
USER	Post transaction	END	1612112123051
USER	Post transaction	START	1612112123292
REQUEST		transaction	1612112123292	1612112123297	KO	status.find.in(200,201,202,203,204,205,206,207,208,209,304), found 415
USER	Post transaction	END	1612112123297
USER	Post transaction	START	1612112123625
REQUEST		transaction	1612112123625	1612112123629	KO	status.find.in(200,201,202,203,204,205,206,207,208,209,304), found 415
USER	Post transaction	END	1612112123630
USER	Post transaction	START	1612112123958
REQUEST		transaction	1612112123958	1612112123962	KO	status.find.in(200,201,202,203,204,205,206,207,208,209,304), found 415
USER	Post transaction	END	1612112123962
USER	Post transaction	START	1612112124292
REQUEST		transaction	1612112124292	1612112124296	KO	status.find.in(200,201,202,203,204,205,206,207,208,209,304), found 415
USER	Post transaction	END	1612112124296
USER	Post transaction	START	1612112124625
REQUEST		transaction	1612112124626	1612112124638	KO	status.find.in(200,201,202,203,204,205,206,207,208,209,304), found 415
USER	Post transaction	END	1612112124639
USER	Post transaction	START	1612112124958
REQUEST		transaction	1612112124959	1612112124973	KO	status.find.in(200,201,202,203,204,205,206,207,208,209,304), found 415
USER	Post transaction	END	1612112124976
USER	Post transaction	START	1612112125292
REQUEST		transaction	1612112125292	1612112125295	KO	status.find.in(200,201,202,203,204,205,206,207,208,209,304), found 415
USER	Post transaction	END	1612112125296
USER	Post transaction	START	1612112125541
REQUEST		transaction	1612112125542	1612112125545	KO	status.find.in(200,201,202,203,204,205,206,207,208,209,304), found 415
USER	Post transaction	END	1612112125546
USER	Post transaction	START	1612112125792
REQUEST		transaction	1612112125792	1612112125804	KO	status.find.in(200,201,202,203,204,205,206,207,208,209,304), found 415
USER	Post transaction	END	1612112125805
USER	Post transaction	START	1612112126042
REQUEST		transaction	1612112126042	1612112126055	KO	status.find.in(200,201,202,203,204,205,206,207,208,209,304), found 415
USER	Post transaction	END	1612112126056
USER	Post transaction	START	1612112126292
REQUEST		transaction	1612112126292	1612112126297	KO	status.find.in(200,201,202,203,204,205,206,207,208,209,304), found 415
USER	Post transaction	END	1612112126297
USER	Post transaction	START	1612112126625
REQUEST		transaction	1612112126625	1612112126634	KO	status.find.in(200,201,202,203,204,205,206,207,208,209,304), found 415
USER	Post transaction	END	1612112126635
USER	Post transaction	START	1612112126958
REQUEST		transaction	1612112126958	1612112126968	KO	status.find.in(200,201,202,203,204,205,206,207,208,209,304), found 415
USER	Post transaction	END	1612112126968
USER	Post transaction	START	1612112127292
REQUEST		transaction	1612112127292	1612112127301	KO	