RUN	iamrich.TransactionSimulation	transactionsimulation	1612111960440	 	3.5.0
USER	Post transaction	START	1612111961232
REQUEST		transaction	1612111961248	1612111961426	KO	status.find.in(200,201,202,203,204,205,206,207,208,209,304), found 415
USER	Post transaction	END	1612111961435
USER	Post transaction	START	1612111961476
REQUEST		transaction	1612111961476	1612111961494	KO	status.find.in(200,201,202,203,204,205,206,207,208,209,304), found 415
USER	Post transaction	END	1612111961495
USER	Post transaction	START	1612111961727
REQUEST		transaction	1612111961728	1612111961793	KO	status.find.in(200,201,202,203,204,205,206,207,208,209,304), found 415
USER	Post transaction	END	1612111961794
USER	Post transaction	START	1612111961978
REQUEST		transaction	1612111961979	1612111962029	KO	status.find.in(200,201,202,203,204,205,206,207,208,209,304), found 415
USER	Post transaction	END	1612111962029
USER	Post transaction	START	1612111962228
REQUEST		transaction	1612111962229	1612111962248	KO	status.find.in(200,201,202,203,204,205,206,207,208,209,304), found 415
USER	Post transaction	END	1612111962248
USER	Post transaction	START	1612111962562
REQUEST		transaction	1612111962563	1612111962582	KO	status.find.in(200,201,202,203,204,205,206,207,208,209,304), found 415
USER	Post transaction	END	1612111962583
USER	Post transaction	START	1612111962895
REQUEST		transaction	1612111962896	1612111962908	KO	status.find.in(200,201,202,203,204,205,206,207,208,209,304), found 415
USER	Post transaction	END	1612111962909
USER	Post transaction	START	1612111963231
REQUEST		transaction	1612111963232	1612111963267	KO	status.find.in(200,201,202,203,204,205,206,207,208,209,304), found 415
USER	Post transaction	END	1612111963268
USER	Post transaction	START	1612111963557
REQUEST		transaction	1612111963557	1612111963564	KO	status.find.in(200,201,202,203,204,205,206,207,208,209,304), found 415
USER	Post transaction	END	1612111963564
USER	Post transaction	START	1612111963894
REQUEST		transaction	1612111963895	1612111963900	KO	status.find.in(200,201,202,203,204,205,206,207,208,209,304), found 415
USER	Post transaction	END	1612111963900
USER	Post transaction	START	1612111964226
REQUEST		transaction	1612111964227	1612111964234	KO	status.find.in(200,201,202,203,204,205,206,207,208,209,304), found 415
USER	Post transaction	END	1612111964234
USER	Post transaction	START	1612111964474
REQUEST		transaction	1612111964475	1612111964484	KO	status.find.in(200,201,202,203,204,205,206,207,208,209,304), found 415
USER	Post transaction	END	1612111964485
USER	Post transaction	START	1612111964724
REQUEST		transaction	1612111964725	1612111964740	KO	status.find.in(200,201,202,203,204,205,206,207,208,209,304), found 415
USER	Post transaction	END	1612111964742
USER	Post transaction	START	1612111964974
REQUEST		transaction	1612111964975	1612111964990	KO	status.find.in(200,201,202,203,204,205,206,207,208,209,304), found 415
USER	Post transaction	END	1612111964991
USER	Post transaction	START	1612111965224
REQUEST		transaction	1612111965225	1612111965234	KO	status.find.in(200,201,202,203,204,205,206,207,208,209,304), found 415
USER	Post transaction	END	1612111965234
USER	Post transaction	START	1612111965556
REQUEST		transaction	1612111965556	1612111965563	KO	status.find.in(200,201,202,203,204,205,206,207,208,209,304), found 415
USER	Post transaction	END	1612111965564
USER	Post transaction	START	1612111965890
REQUEST		transaction	1612111965890	1612111965899	KO	status.find.in(200,201,202,203,204,205,206,207,208,209,304), found 415
USER	Post transaction	END	1612111965900
USER	Post transaction	START	1612111966224
REQUEST		transaction	1612111966225	1612111966239	KO	status.find.in(200,201,202,203,204,205,206,207,208,209,304), found 415
USER	Post transaction	END	1612111966239
USER	Post transaction	START	1612111966557
REQUEST		transaction	1612111966557	1612111966573	KO	status.find.in(200,201,202,203,204,205,206,207,208,209,304), found 415
USER	Post transaction	END	1612111966574
USER	Post transaction	START	1612111966891
REQUEST		transaction	1612111966891	1612111966906	KO	status.find.in(200,201,202,203,204,205,206,207,208,209,304), found 415
USER	Post transaction	END	1612111966908
USER	Post transaction	START	1612111967224
REQUEST		transaction	1612111967224	1612111967234	KO	status.find.in(200,201,202,203,204,205,206,207,208,209,304), found 415
USER	Post transaction	END	1612111967235
USER	Post transaction	START	1612111967474
REQUEST		transaction	1612111967475	1612111967486	KO	status.find.in(200,201,202,203,204,205,206,207,208,209,304), found 415
USER	Post transaction	END	1612111967486
USER	Post transaction	START	1612111967724
REQUEST		transaction	1612111967725	1612111967737	KO	status.find.in(200,201,202,203,204,205,206,207,208,209,304), found 415
USER	Post transaction	END	1612111967738
USER	Post transaction	START	1612111967974
REQUEST		transaction	1612111967975	1612111967989	KO	status.find.in(200,201,202,203,204,205,206,207,208,209,304), found 415
USER	Post transaction	END	1612111967991
USER	Post transaction	START	1612111968224
REQUEST		transaction	1612111968225	1612111968233	KO	status.find.in(200,201,202,203,204,205,206,207,208,209,304), found 415
USER	Post transaction	END	1612111968234
USER	Post transaction	START	1612111968557
REQUEST		transaction	1612111968558	1612111968568	KO	status.find.in(200,201,202,203,204,205,206,207,208,209,304), found 415
USER	Post transaction	END	1612111968568
USER	Post transaction	START	1612111968890
REQUEST		transaction	1612111968890	1612111968897	KO	status.find.in(200,201,202,203,204,205,206,207,208,209,304), found 415
USER	Post transaction	END	1612111968897
USER	Post transaction	START	1612111969224
REQUEST		transaction	1612111969225	1612111969235	KO	status.find.in(200,201,202,203,204,205,206,207,208,209,304), found 415
USER	Post transaction	END	1612111969235
USER	Post transaction	START	1612111969557
REQUEST		transaction	1612111969557	1612111969568	KO	status.find.in(200,201,202,203,204,205,206,207,208,209,304), found 415
USER	Post transaction	END	1612111969568
USER	Post transaction	START	1612111969890
REQUEST		transaction	1612111969890	1612111969905	KO	status.find.in(200,201,202,203,204,205,206,207,208,209,304), found 415
USER	Post transaction	END	1612111969906
USER	Post transaction	START	1612111970224
REQUEST		transaction	1612111970224	1612111970232	KO	status.find.in(200,201,202,203,204,205,206,207,208,209,304), found 415
USER	Post transaction	END	1612111970232
USER	Post transaction	START	1612111970474
REQUEST		transaction	1612111970474	1612111970483	KO	status.find.in(200,201,202,203,204,205,206,207,208,209,304), found 415
USER	Post transaction	END	1612111970484
USER	Post transaction	START	1612111970724
REQUEST		transaction	1612111970725	1612111970740	KO	status.find.in(200,201,202,203,204,205,206,207,208,209,304), found 415
USER	Post transaction	END	1612111970741
USER	Post transaction	START	1612111970974
REQUEST		transaction	1612111970974	1612111970985	KO	status.find.in(200,201,202,203,204,205,206,207,208,209,304), found 415
USER	Post transaction	END	1612111970986
USER	Post transaction	START	1612111971223
REQUEST		transaction	1612111971224	1612111971231	KO	status.find.in(200,201,202,203,204,205,206,207,208,209,304), found 415
USER	Post transaction	END	1612111971231
USER	Post transaction	START	1612111971557
REQUEST		transaction	1612111971558	1612111971572	KO	status.find.in(200,201,202,203,204,205,206,207,208,209,304), found 415
USER	Post transaction	END	1612111971573
USER	Post transaction	START	1612111971890
REQUEST		transaction	1612111971891	1612111971907	KO	status.find.in(200,201,202,203,204,205,206,207,208,209,304), found 415
USER	Post transaction	END	1612111971908
USER	Post transaction	START	1612111972224
REQUEST		transaction	1612111972225	1612111972240	KO	status.find.in(200,201,202,203,204,205,206,207,208,209,304), found 415
USER	Post transaction	END	1612111972241
USER	Post transaction	START	1612111972557
REQUEST		transaction	1612111972557	1612111972567	KO	status.find.in(200,201,202,203,204,205,206,207,208,209,304), found 415
USER	Post transaction	END	1612111972568
USER	Post transaction	START	1612111972890
REQUEST		transaction	1612111972891	1612111972898	KO	status.find.in(200,201,202,203,204,205,206,207,208,209,304), found 415
USER	Post transaction	END	1612111972898
USER	Post transaction	START	1612111973224
REQUEST		transaction	1612111973225	1612111973234	KO	status.find.in(200,201,202,203,204,205,206,207,208,209,304), found 415
USER	Post transaction	END	1612111973235
USER	Post transaction	START	1612111973474
REQUEST		transaction	1612111973475	1612111973483	KO	status.find.in(200,201,202,203,204,205,206,207,208,209,304), found 415
USER	Post transaction	END	1612111973484
USER	Post transaction	START	1612111973724
REQUEST		transaction	1612111973725	1612111973740	KO	status.find.in(200,201,202,203,204,205,206,207,208,209,304), found 415
USER	Post transaction	END	1612111973742
USER	Post transaction	START	1612111973974
REQUEST		transaction	1612111973975	1612111973990	KO	status.find.in(200,201,202,203,204,205,206,207,208,209,304), found 415
USER	Post transaction	END	1612111973991
USER	Post transaction	START	1612111974224
REQUEST		transaction	1612111974225	1612111974235	KO	status.find.in(200,201,202,203,204,205,206,207,208,209,304), found 415
USER	Post transaction	END	1612111974236
USER	Post transaction	START	1612111974556
REQUEST		transaction	1612111974556	1612111974560	KO	status.find.in(200,201,202,203,204,205,206,207,208,209,304), found 415
USER	Post transaction	END	1612111974561
USER	Post transaction	START	1612111974890
REQUEST		transaction	1612111974891	1612111974898	KO	status.find.in(200,201,202,203,204,205,206,207,208,209,304), found 415
USER	Post transaction	END	1612111974898
USER	Post transaction	START	1612111975224
REQUEST		transaction	1612111975225	1612111975234	KO	status.find.in(200,201,202,203,204,205,206,207,208,209,304), found 415
USER	Post transaction	END	1612111975235
USER	Post transaction	START	1612111975557
REQUEST		transaction	1612111975558	1612111975567	KO	status.find.in(200,201,202,203,204,205,206,207,208,209,304), found 415
USER	Post transaction	END	1612111975568
USER	Post transaction	START	1612111975890
REQUEST		transaction	1612111975891	1612111975901	KO	status.find.in(200,201,202,203,204,205,206,207,208,209,304), found 415
USER	Post transaction	END	1612111975901
USER	Post transaction	START	1612111976224
REQUEST		transaction	1612111976225	1612111976233	KO	status.find.in(200,201,202,203,204,205,206,207,208,209,304), found 415
USER	Post transaction	END	1612111976233
USER	Post transaction	START	1612111976473
REQUEST		transaction	1612111976474	1612111976480	KO	status.find.in(200,201,202,203,204,205,206,207,208,209,304), found 415
USER	Post transaction	END	1612111976481
USER	Post transaction	START	1612111976724
REQUEST		transaction	1612111976724	1612111976738	KO	status.find.in(200,201,202,203,204,205,206,207,208,209,304), found 415
USER	Post transaction	END	1612111976740
USER	Post transaction	START	1612111976974
REQUEST		transaction	1612111976974	1612111976988	KO	status.find.in(200,201,202,203,204,205,206,207,208,209,304), found 415
USER	Post transaction	END	1612111976989
USER	Post transaction	START	1612111977224
REQUEST		transaction	1612111977224	1612111977238	KO	status.find.in(200,201,202,203,204,205,206,207,208,209,304), found 415
USER	Post transaction	END	1612111977239
USER	Post transaction	START	1612111977557
REQUEST		transaction	1612111977557	1612111977571	KO	status.find.in(200,201,202,203,204,205,206,207,208,209,304), found 415
USER	Post transaction	END	1612111977572
USER	Post transaction	START	1612111977890
REQUEST		transaction	1612111977891	1612111977905	KO	status.find.in(200,201,202,203,204,205,206,207,208,209,304), found 415
USER	Post transaction	END	1612111977906
USER	Post transaction	START	1612111978225
REQUEST		transaction	1612111978225	1612111978239	KO	status.find.in(200,201,202,203,204,205,206,207,208,209,304), found 415
USER	Post transaction	END	1612111978240
USER	Post transaction	START	1612111978557
REQUEST		transaction	1612111978557	1612111978570	KO	status.find.in(200,201,202,203,204,205,206,207,208,209,304), found 415
USER	Post transaction	END	1612111978571
USER	Post transaction	START	1612111978890
REQUEST		transaction	1612111978890	1612111978903	KO	status.find.in(200,201,202,203,204,205,206,207,208,209,304), found 415
USER	Post transaction	END	1612111978903
USER	Post transaction	START	1612111979224
REQUEST		transaction	1612111979224	1612111979234	KO	status.find.in(200,201,202,203,204,205,206,207,208,209,304), found 415
USER	Post transaction	END	1612111979234
USER	Post transaction	START	1612111979474
REQUEST		transaction	1612111979475	1612111979488	KO	status.find.in(200,201,202,203,204,205,206,207,208,209,304), found 415
USER	Post transaction	END	1612111979489
USER	Post transaction	START	1612111979724
REQUEST		transaction	1612111979725	1612111979733	KO	status.find.in(200,201,202,203,204,205,206,207,208,209,304), found 415
USER	Post transaction	END	1612111979733
USER	Post transaction	START	1612111979974
REQUEST		transaction	1612111979974	1612111979980	KO	status.find.in(200,201,202,203,204,205,206,207,208,209,304), found 415
USER	Post transaction	END	1612111979980
USER	Post transaction	START	1612111980224
REQUEST		transaction	1612111980225	1612111980234	KO	status.find.in(200,201,202,203,204,205,206,207,208,209,304), found 415
USER	Post transaction	END	1612111980234
USER	Post transaction	START	1612111980557
REQUEST		transaction	1612111980557	1612111980566	KO	status.find.in(200,201,202,203,204,205,206,207,208,209,304), found 415
USER	Post transaction	END	1612111980566
USER	Post transaction	START	1612111980890
REQUEST		transaction	1612111980890	1612111980904	KO	status.find.in(200,201,202,203,204,205,206,207,208,209,304), found 415
USER	Post transaction	END	1612111980905
USER	Post transaction	START	1612111981224
REQUEST		transaction	1612111981225	1612111981238	KO	status.find.in(200,201,202,203,204,205,206,207,208,209,304), found 415
USER	Post transaction	END	1612111981239
USER	Post transaction	START	1612111981557
REQUEST		transaction	1612111981558	1612111981571	KO	status.find.in(200,201,202,203,204,205,206,207,208,209,304), found 415
USER	Post transaction	END	1612111981572
USER	Post transaction	START	1612111981890
REQUEST		transaction	1612111981891	1612111981904	KO	status.find.in(200,201,202,203,204,205,206,207,208,209,304), found 415
USER	Post transaction	END	1612111981905
USER	Post transaction	START	1612111982224
REQUEST		transaction	1612111982225	1612111982238	KO	status.find.in(200,201,202,203,204,205,206,207,208,209,304), found 415
USER	Post transaction	END	1612111982239
USER	Post transaction	START	1612111982474
REQUEST		transaction	1612111982475	1612111982483	KO	status.find.in(200,201,202,203,204,205,206,207,208,209,304), found 415
USER	Post transaction	END	1612111982483
USER	Post transaction	START	1612111982724
REQUEST		transaction	1612111982725	1612111982734	KO	status.find.in(200,201,202,203,204,205,206,207,208,209,304), found 415
USER	Post transaction	END	1612111982734
USER	Post transaction	START	1612111982975
REQUEST		transaction	1612111982975	1612111982988	KO	status.find.in(200,201,202,203,204,205,206,207,208,209,304), found 415
USER	Post transaction	END	1612111982989
USER	Post transaction	START	1612111983225
REQUEST		transaction	1612111983225	1612111983238	KO	status.find.in(200,201,202,203,204,205,206,207,208,209,304), found 415
USER	Post transaction	END	1612111983239
USER	Post transaction	START	1612111983557
REQUEST		transaction	1612111983557	1612111983561	KO	status.find.in(200,201,202,203,204,205,206,207,208,209,304), found 415
USER	Post transaction	END	1612111983561
USER	Post transaction	START	1612111983890
REQUEST		transaction	1612111983891	1612111983904	KO	status.find.in(200,201,202,203,204,205,206,207,208,209,304), found 415
USER	Post transaction	END	1612111983905
USER	Post transaction	START	1612111984224
REQUEST		transaction	1612111984224	1612111984229	KO	status.find.in(200,201,202,203,204,205,206,207,208,209,304), found 415
USER	Post transaction	END	1612111984230
USER	Post transaction	START	1612111984556
REQUEST		transaction	1612111984556	1612111984560	KO	status.find.in(200,201,202,203,204,205,206,207,208,209,304), found 415
USER	Post transaction	END	1612111984560
USER	Post transaction	START	1612111984889
REQUEST		transaction	1612111984889	1612111984894	KO	status.find.in(200,201,202,203,204,205,206,207,208,209,304), found 415
USER	Post transaction	END	1612111984894
USER	Post transaction	START	1612111985223
REQUEST		transaction	1612111985223	1612111985227	KO	status.find.in(200,201,202,203,204,205,206,207,208,209,304), found 415
USER	Post transaction	END	1612111985228
USER	Post transaction	START	1612111985473
REQUEST		transaction	1612111985474	1612111985480	KO	status.find.in(200,201,202,203,204,205,206,207,208,209,304), found 415
USER	Post transaction	END	1612111985481
USER	Post transaction	START	1612111985723
REQUEST		transaction	1612111985724	1612111985727	KO	status.find.in(200,201,202,203,204,205,206,207,208,209,304), found 415
USER	Post transaction	END	1612111985728
USER	Post transaction	START	1612111985973
REQUEST		transaction	1612111985974	1612111985978	KO	status.find.in(200,201,202,203,204,205,206,207,208,209,304), found 415
USER	Post transaction	END	1612111985978
USER	Post transaction	START	1612111986224
REQUEST		transaction	1612111986224	1612111986229	KO	status.find.in(200,201,202,203,204,205,206,207,208,209,304), found 415
USER	Post transaction	END	1612111986229
USER	Post transaction	START	1612111986557
REQUEST		transaction	1612111986557	1612111986561	KO	status.find.in(200,201,202,203,204,205,206,207,208,209,304), found 415
USER	Post transaction	END	1612111986562
USER	Post transaction	START	1612111986890
REQUEST		transaction	1612111986890	1612111986893	KO	status.find.in(200,201,202,203,204,205,206,207,208,209,304), found 415
USER	Post transaction	END	1612111986894
USER	Post transaction	START	1612111987224
REQUEST		transaction	1612111987224	1612111987227	KO	status.find.in(200,201,202,203,204,205,206,207,208,209,304), found 415
USER	Post transaction	END	1612111987228
USER	Post transaction	START	1612111987556
REQUEST		transaction	1612111987556	1612111987560	KO	status.find.in(200,201,202,203,204,205,206,207,208,209,304), found 415
USER	Post transaction	END	1612111987560
USER	Post transaction	START	1612111987889
REQUEST		transaction	1612111987889	1612111987893	KO	status.find.in(200,201,202,203,204,205,206,207,208,209,304), found 415
USER	Post transaction	END	1612111987893
USER	Post transaction	START	1612111988223
REQUEST		transaction	1612111988223	1612111988227	KO	status.find.in(200,201,202,203,204,205,206,207,208,209,304), found 415
USER	Post transaction	END	1612111988227
USER	Post transaction	START	1612111988473
REQUEST		transaction	1612111988473	1612111988477	KO	status.find.in(200,201,202,203,204,205,206,207,208,209,304), found 415
USER	Post transaction	END	1612111988477
USER	Post transaction	START	1612111988723
REQUEST		transaction	1612111988724	1612111988727	KO	status.find.in(200,201,202,203,204,205,206,207,208,209,304), found 415
USER	Post transaction	END	1612111988727
USER	Post transaction	START	1612111988973
REQUEST		transaction	1612111988974	1612111988977	KO	status.find.in(200,201,202,203,204,205,206,207,208,209,304), found 415
USER	Post transaction	END	1612111988978
USER	Post transaction	START	1612111989223
REQUEST		transaction	1612111989224	1612111989227	KO	status.find.in(200,201,202,203,204,205,206,207,208,209,304), found 415
USER	Post transaction	END	1612111989228
USER	Post transaction	START	1612111989556
REQUEST		transaction	1612111989557	1612111989560	KO	status.find.in(200,201,202,203,204,205,206,207,208,209,304), found 415
USER	Post transaction	END	1612111989561
USER	Post transaction	START	1612111989889
REQUEST		transaction	1612111989890	1612111989893	KO	status.find.in(200,201,202,203,204,205,206,207,208,209,304), found 415
USER	Post transaction	END	1612111989893
USER	Post transaction	START	1612111990223
REQUEST		transaction	1612111990224	1612111990227	KO	status.find.in(200,201,202,203,204,205,206,207,208,209,304), found 415
USER	Post transaction	END	1612111990227
USER	Post transaction	START	1612111990557
REQUEST		transaction	1612111990557	1612111990560	KO	status.find.in(200,201,202,203,204,205,206,207,208,209,304), found 415
USER	Post transaction	END	1612111990561
USER	Post transaction	START	1612111990890
REQUEST		transaction	1612111990890	1612111990893	KO	status.find.in(200,201,202,203,204,205,206,207,208,209,304), found 415
USER	Post transaction	END	1612111990894
