RUN	iamrich.TransactionSimulation	transactionsimulation	1612112186298	 	3.5.0
USER	Post transaction	START	1612112187015
REQUEST		transaction	1612112187032	1612112187047	KO	status.find.in(200,201,202,203,204,205,206,207,208,209,304), found 415
USER	Post transaction	END	1612112187056
USER	Post transaction	START	1612112187260
REQUEST		transaction	1612112187260	1612112187270	KO	status.find.in(200,201,202,203,204,205,206,207,208,209,304), found 415
USER	Post transaction	END	1612112187270
USER	Post transaction	START	1612112187511
REQUEST		transaction	1612112187512	1612112187551	KO	status.find.in(200,201,202,203,204,205,206,207,208,209,304), found 415
USER	Post transaction	END	1612112187553
USER	Post transaction	START	1612112187762
REQUEST		transaction	1612112187762	1612112187798	KO	status.find.in(200,201,202,203,204,205,206,207,208,209,304), found 415
USER	Post transaction	END	1612112187799
USER	Post transaction	START	1612112188012
REQUEST		transaction	1612112188013	1612112188025	KO	status.find.in(200,201,202,203,204,205,206,207,208,209,304), found 415
USER	Post transaction	END	1612112188026
USER	Post transaction	START	1612112188346
REQUEST		transaction	1612112188347	1612112188383	KO	status.find.in(200,201,202,203,204,205,206,207,208,209,304), found 415
USER	Post transaction	END	1612112188384
USER	Post transaction	START	1612112188679
REQUEST		transaction	1612112188680	1612112188692	KO	status.find.in(200,201,202,203,204,205,206,207,208,209,304), found 415
USER	Post transaction	END	1612112188692
USER	Post transaction	START	1612112189013
REQUEST		transaction	1612112189014	1612112189023	KO	status.find.in(200,201,202,203,204,205,206,207,208,209,304), found 415
USER	Post transaction	END	1612112189023
USER	Post transaction	START	1612112189341
REQUEST		transaction	1612112189342	1612112189348	KO	status.find.in(200,201,202,203,204,205,206,207,208,209,304), found 415
USER	Post transaction	END	1612112189349
USER	Post transaction	START	1612112189675
REQUEST		transaction	1612112189675	1612112189679	KO	status.find.in(200,201,202,203,204,205,206,207,208,209,304), found 415
USER	Post transaction	END	1612112189679
USER	Post transaction	START	1612112190008
REQUEST		transaction	1612112190009	1612112190015	KO	status.find.in(200,201,202,203,204,205,206,207,208,209,304), found 415
USER	Post transaction	END	1612112190016
USER	Post transaction	START	1612112190258
REQUEST		transaction	1612112190259	1612112190272	KO	status.find.in(200,201,202,203,204,205,206,207,208,209,304), found 415
USER	Post transaction	END	1612112190273
USER	Post transaction	START	1612112190508
REQUEST		transaction	1612112190509	1612112190521	KO	status.find.in(200,201,202,203,204,205,206,207,208,209,304), found 415
USER	Post transaction	END	1612112190522
USER	Post transaction	START	1612112190759
REQUEST		transaction	1612112190759	1612112190772	KO	status.find.in(200,201,202,203,204,205,206,207,208,209,304), found 415
USER	Post transaction	END	1612112190773
USER	Post transaction	START	1612112191009
REQUEST		transaction	1612112191009	1612112191021	KO	status.find.in(200,201,202,203,204,205,206,207,208,209,304), found 415
USER	Post transaction	END	1612112191023
USER	Post transaction	START	1612112191341
REQUEST		transaction	1612112191342	1612112191356	KO	status.find.in(200,201,202,203,204,205,206,207,208,209,304), found 415
USER	Post transaction	END	1612112191357
USER	Post transaction	START	1612112191674
REQUEST		transaction	1612112191675	1612112191683	KO	status.find.in(200,201,202,203,204,205,206,207,208,209,304), found 415
USER	Post transaction	END	1612112191683
USER	Post transaction	START	1612112192009
REQUEST		transaction	1612112192009	1612112192019	KO	status.find.in(200,201,202,203,204,205,206,207,208,209,304), found 415
USER	Post transaction	END	1612112192019
USER	Post transaction	START	1612112192341
REQUEST		transaction	1612112192341	1612112192347	KO	status.find.in(200,201,202,203,204,205,206,207,208,209,304), found 415
USER	Post transaction	END	1612112192348
USER	Post transaction	START	1612112192674
REQUEST		transaction	1612112192675	1612112192682	KO	status.find.in(200,201,202,203,204,205,206,207,208,209,304), found 415
USER	Post transaction	END	1612112192682
USER	Post transaction	START	1612112193008
REQUEST		transaction	1612112193009	1612112193018	KO	status.find.in(200,201,202,203,204,205,206,207,208,209,304), found 415
USER	Post transaction	END	1612112193019
USER	Post transaction	START	1612112193258
REQUEST		transaction	1612112193259	1612112193267	KO	status.find.in(200,201,202,203,204,205,206,207,208,209,304), found 415
USER	Post transaction	END	1612112193268
USER	Post transaction	START	1612112193508
REQUEST		transaction	1612112193508	1612112193512	KO	status.find.in(200,201,202,203,204,205,206,207,208,209,304), found 415
USER	Post transaction	END	1612112193512
USER	Post transaction	START	1612112193758
REQUEST		transaction	1612112193758	1612112193763	KO	status.find.in(200,201,202,203,204,205,206,207,208,209,304), found 415
USER	Post transaction	END	1612112193764
USER	Post transaction	START	1612112194008
REQUEST		transaction	1612112194009	1612112194026	KO	status.find.in(200,201,202,203,204,205,206,207,208,209,304), found 415
USER	Post transaction	END	1612112194028
USER	Post transaction	START	1612112194341
REQUEST		transaction	1612112194342	1612112194355	KO	status.find.in(200,201,202,203,204,205,206,207,208,209,304), found 415
USER	Post transaction	END	1612112194356
USER	Post transaction	START	1612112194675
REQUEST		transaction	1612112194675	1612112194688	KO	status.find.in(200,201,202,203,204,205,206,207,208,209,304), found 415
USER	Post transaction	END	1612112194689
USER	Post transaction	START	1612112195009
REQUEST		transaction	1612112195010	1612112195019	KO	status.find.in(200,201,202,203,204,205,206,207,208,209,304), found 415
USER	Post transaction	END	1612112195020
USER	Post transaction	START	1612112195341
REQUEST		transaction	1612112195341	1612112195349	KO	status.find.in(200,201,202,203,204,205,206,207,208,209,304), found 415
USER	Post transaction	END	1612112195350
USER	Post transaction	START	1612112195674
REQUEST		transaction	1612112195674	1612112195683	KO	status.find.in(200,201,202,203,204,205,206,207,208,209,304), found 415
USER	Post transaction	END	1612112195684
USER	Post transaction	START	1612112196008
REQUEST		transaction	1612112196008	1612112196021	KO	status.find.in(200,201,202,203,204,205,206,207,208,209,304), found 415
USER	Post transaction	END	1612112196022
USER	Post transaction	START	1612112196258
REQUEST		transaction	1612112196258	1612112196271	KO	status.find.in(200,201,202,203,204,205,206,207,208,209,304), found 415
USER	Post transaction	END	1612112196272
USER	Post transaction	START	1612112196508
REQUEST		transaction	1612112196509	1612112196521	KO	status.find.in(200,201,202,203,204,205,206,207,208,209,304), found 415
USER	Post transaction	END	1612112196522
USER	Post transaction	START	1612112196758
REQUEST		transaction	1612112196759	1612112196771	KO	status.find.in(200,201,202,203,204,205,206,207,208,209,304), found 415
USER	Post transaction	END	1612112196772
USER	Post transaction	START	1612112197008
REQUEST		transaction	1612112197009	1612112197021	KO	status.find.in(200,201,202,203,204,205,206,207,208,209,304), found 415
USER	Post transaction	END	1612112197023
USER	Post transaction	START	1612112197341
REQUEST		transaction	1612112197342	1612112197350	KO	status.find.in(200,201,202,203,204,205,206,207,208,209,304), found 415
USER	Post transaction	END	1612112197350
USER	Post transaction	START	1612112197674
REQUEST		transaction	1612112197674	1612112197680	KO	status.find.in(200,201,202,203,204,205,206,207,208,209,304), found 415
USER	Post transaction	END	1612112197680
USER	Post transaction	START	1612112198013
REQUEST		transaction	1612112198013	1612112198018	KO	status.find.in(200,201,202,203,204,205,206,207,208,209,304), found 415
USER	Post transaction	END	1612112198018
USER	Post transaction	START	1612112198341
REQUEST		transaction	1612112198341	1612112198345	KO	status.find.in(200,201,202,203,204,205,206,207,208,209,304), found 415
USER	Post transaction	END	1612112198345
USER	Post transaction	START	1612112198674
REQUEST		transaction	1612112198675	1612112198687	KO	status.find.in(200,201,202,203,204,205,206,207,208,209,304), found 415
USER	Post transaction	END	1612112198688
USER	Post transaction	START	1612112199008
REQUEST		transaction	1612112199009	1612112199021	KO	status.find.in(200,201,202,203,204,205,206,207,208,209,304), found 415
USER	Post transaction	END	1612112199022
USER	Post transaction	START	1612112199258
REQUEST		transaction	1612112199258	1612112199270	KO	status.find.in(200,201,202,203,204,205,206,207,208,209,304), found 415
USER	Post transaction	END	1612112199271
USER	Post transaction	START	1612112199508
REQUEST		transaction	1612112199509	1612112199517	KO	status.find.in(200,201,202,203,204,205,206,207,208,209,304), found 415
USER	Post transaction	END	1612112199518
USER	Post transaction	START	1612112199758
REQUEST		transaction	1612112199759	1612112199770	KO	status.find.in(200,201,202,203,204,205,206,207,208,209,304), found 415
USER	Post transaction	END	1612112199771
USER	Post transaction	START	1612112200008
REQUEST		transaction	1612112200009	1612112200017	KO	status.find.in(200,201,202,203,204,205,206,207,208,209,304), found 415
USER	Post transaction	END	1612112200018
USER	Post transaction	START	1612112200341
REQUEST		transaction	1612112200342	1612112200351	KO	status.find.in(200,201,202,203,204,205,206,207,208,209,304), found 415
USER	Post transaction	END	1612112200351
USER	Post transaction	START	1612112200674
REQUEST		transaction	1612112200675	1612112200687	KO	status.find.in(200,201,202,203,204,205,206,207,208,209,304), found 415
USER	Post transaction	END	1612112200688
USER	Post transaction	START	1612112201008
REQUEST		transaction	1612112201009	1612112201020	KO	status.find.in(200,201,202,203,204,205,206,207,208,209,304), found 415
USER	Post transaction	END	1612112201022
USER	Post transaction	START	1612112201341
REQUEST		transaction	1612112201342	1612112201351	KO	status.find.in(200,201,202,203,204,205,206,207,208,209,304), found 415
USER	Post transaction	END	1612112201351
USER	Post transaction	START	1612112201674
REQUEST		transaction	1612112201675	1612112201684	KO	status.find.in(200,201,202,203,204,205,206,207,208,209,304), found 415
USER	Post transaction	END	1612112201684
USER	Post transaction	START	1612112202008
REQUEST		transaction	1612112202009	1612112202021	KO	status.find.in(200,201,202,203,204,205,206,207,208,209,304), found 415
USER	Post transaction	END	1612112202022
USER	Post transaction	START	1612112202258
REQUEST		transaction	1612112202259	1612112202270	KO	status.find.in(200,201,202,203,204,205,206,207,208,209,304), found 415
USER	Post transaction	END	1612112202272
USER	Post transaction	START	1612112202507
REQUEST		transaction	1612112202508	1612112202511	KO	status.find.in(200,201,202,203,204,205,206,207,208,209,304), found 415
USER	Post transaction	END	1612112202512
USER	Post transaction	START	1612112202758
REQUEST		transaction	1612112202758	1612112202761	KO	status.find.in(200,201,202,203,204,205,206,207,208,209,304), found 415
USER	Post transaction	END	1612112202762
USER	Post transaction	START	1612112203008
REQUEST		transaction	1612112203009	1612112203021	KO	status.find.in(200,201,202,203,204,205,206,207,208,209,304), found 415
USER	Post transaction	END	1612112203022
USER	Post transaction	START	1612112203341
REQUEST		transaction	1612112203341	1612112203348	KO	status.find.in(200,201,202,203,204,205,206,207,208,209,304), found 415
USER	Post transaction	END	1612112203348
USER	Post transaction	START	1612112203674
REQUEST		transaction	1612112203674	1612112203683	KO	status.find.in(200,201,202,203,204,205,206,207,208,209,304), found 415
USER	Post transaction	END	1612112203683
USER	Post transaction	START	1612112204008
REQUEST		transaction	1612112204008	1612112204020	KO	status.find.in(200,201,202,203,204,205,206,207,208,209,304), found 415
USER	Post transaction	END	1612112204021
USER	Post transaction	START	1612112204341
REQUEST		transaction	1612112204342	1612112204350	KO	status.find.in(200,201,202,203,204,205,206,207,208,209,304), found 415
USER	Post transaction	END	1612112204350
USER	Post transaction	START	1612112204674
REQUEST		transaction	1612112204675	1612112204686	KO	status.find.in(200,201,202,203,204,205,206,207,208,209,304), found 415
USER	Post transaction	END	1612112204687
USER	Post transaction	START	1612112205008
REQUEST		transaction	1612112205009	1612112205021	KO	status.find.in(200,201,202,203,204,205,206,207,208,209,304), found 415
USER	Post transaction	END	1612112205022
USER	Post transaction	START	1612112205258
REQUEST		transaction	1612112205259	1612112205268	KO	status.find.in(200,201,202,203,204,205,206,207,208,209,304), found 415
USER	Post transaction	END	1612112205268
USER	Post transaction	START	1612112205508
REQUEST		transaction	1612112205509	1612112205517	KO	status.find.in(200,201,202,203,204,205,206,207,208,209,304), found 415
USER	Post transaction	END	1612112205518
USER	Post transaction	START	1612112205758
REQUEST		transaction	1612112205759	1612112205771	KO	status.find.in(200,201,202,203,204,205,206,207,208,209,304), found 415
USER	Post transaction	END	1612112205772
USER	Post transaction	START	1612112206009
REQUEST		transaction	1612112206009	1612112206018	KO	status.find.in(200,201,202,203,204,205,206,207,208,209,304), found 415
USER	Post transaction	END	1612112206018
USER	Post transaction	START	1612112206340
REQUEST		transaction	1612112206341	1612112206352	KO	status.find.in(200,201,202,203,204,205,206,207,208,209,304), found 415
USER	Post transaction	END	1612112206353
USER	Post transaction	START	1612112206673
REQUEST		transaction	1612112206674	1612112206682	KO	status.find.in(200,201,202,203,204,205,206,207,208,209,304), found 415
USER	Post transaction	END	1612112206683
USER	Post transaction	START	1612112207007
REQUEST		transaction	1612112207008	1612112207019	KO	status.find.in(200,201,202,203,204,205,206,207,208,209,304), found 415
USER	Post transaction	END	1612112207020
USER	Post transaction	START	1612112207341
REQUEST		transaction	1612112207341	1612112207345	KO	status.find.in(200,201,202,203,204,205,206,207,208,209,304), found 415
USER	Post transaction	END	1612112207345
USER	Post transaction	START	1612112207674
REQUEST		transaction	1612112207674	1612112207679	KO	status.find.in(200,201,202,203,204,205,206,207,208,209,304), found 415
USER	Post transaction	END	1612112207679
USER	Post transaction	START	1612112208008
REQUEST		transaction	1612112208009	1612112208015	KO	status.find.in(200,201,202,203,204,205,206,207,208,209,304), found 415
USER	Post transaction	END	1612112208016
USER	Post transaction	START	1612112208258
REQUEST		transaction	1612112208258	1612112208270	KO	status.find.in(200,201,202,203,204,205,206,207,208,209,304), found 415
USER	Post transaction	END	1612112208271
USER	Post transaction	START	1612112208508
REQUEST		transaction	1612112208508	1612112208519	KO	status.find.in(200,201,202,203,204,205,206,207,208,209,304), found 415
USER	Post transaction	END	1612112208520
USER	Post transaction	START	1612112208758
REQUEST		transaction	1612112208758	1612112208770	KO	status.find.in(200,201,202,203,204,205,206,207,208,209,304), found 415
USER	Post transaction	END	1612112208771
USER	Post transaction	START	1612112209008
REQUEST		transaction	1612112209009	1612112209020	KO	status.find.in(200,201,202,203,204,205,206,207,208,209,304), found 415
USER	Post transaction	END	1612112209022
USER	Post transaction	START	1612112209341
REQUEST		transaction	1612112209342	1612112209353	KO	status.find.in(200,201,202,203,204,205,206,207,208,209,304), found 415
USER	Post transaction	END	1612112209354
USER	Post transaction	START	1612112209674
REQUEST		transaction	1612112209675	1612112209683	KO	status.find.in(200,201,202,203,204,205,206,207,208,209,304), found 415
USER	Post transaction	END	1612112209684
USER	Post transaction	START	1612112210008
REQUEST		transaction	1612112210008	1612112210013	KO	